c:\users\nicol\source\repos\handwritten_digit_reader\x64\debug\vc143.pdb
c:\users\nicol\source\repos\handwritten_digit_reader\x64\debug\vc143.idb
c:\users\nicol\source\repos\handwritten_digit_reader\x64\debug\source.obj
c:\users\nicol\source\repos\handwritten_digit_reader\x64\debug\neuralnetfunctions.obj
c:\users\nicol\source\repos\handwritten_digit_reader\x64\debug\neuralnet.obj
c:\users\nicol\source\repos\handwritten_digit_reader\x64\debug\handwritten_digit_reader.pdb
c:\users\nicol\source\repos\handwritten_digit_reader\x64\debug\handwrit.344310dc.tlog\cl.command.1.tlog
c:\users\nicol\source\repos\handwritten_digit_reader\x64\debug\handwrit.344310dc.tlog\cl.items.tlog
c:\users\nicol\source\repos\handwritten_digit_reader\x64\debug\handwrit.344310dc.tlog\cl.read.1.tlog
c:\users\nicol\source\repos\handwritten_digit_reader\x64\debug\handwrit.344310dc.tlog\cl.write.1.tlog
c:\users\nicol\source\repos\handwritten_digit_reader\x64\debug\handwrit.344310dc.tlog\link-cvtres.read.1.tlog
c:\users\nicol\source\repos\handwritten_digit_reader\x64\debug\handwrit.344310dc.tlog\link-cvtres.write.1.tlog
c:\users\nicol\source\repos\handwritten_digit_reader\x64\debug\handwrit.344310dc.tlog\link-rc.read.1.tlog
c:\users\nicol\source\repos\handwritten_digit_reader\x64\debug\handwrit.344310dc.tlog\link-rc.write.1.tlog
c:\users\nicol\source\repos\handwritten_digit_reader\x64\debug\handwrit.344310dc.tlog\link.18560-cvtres.read.1.tlog
c:\users\nicol\source\repos\handwritten_digit_reader\x64\debug\handwrit.344310dc.tlog\link.18560-cvtres.write.1.tlog
c:\users\nicol\source\repos\handwritten_digit_reader\x64\debug\handwrit.344310dc.tlog\link.18560-rc.read.1.tlog
c:\users\nicol\source\repos\handwritten_digit_reader\x64\debug\handwrit.344310dc.tlog\link.18560-rc.write.1.tlog
c:\users\nicol\source\repos\handwritten_digit_reader\x64\debug\handwrit.344310dc.tlog\link.18560.read.1.tlog
c:\users\nicol\source\repos\handwritten_digit_reader\x64\debug\handwrit.344310dc.tlog\link.18560.read.2.tlog
c:\users\nicol\source\repos\handwritten_digit_reader\x64\debug\handwrit.344310dc.tlog\link.18560.read.3.tlog
c:\users\nicol\source\repos\handwritten_digit_reader\x64\debug\handwrit.344310dc.tlog\link.18560.read.4.tlog
c:\users\nicol\source\repos\handwritten_digit_reader\x64\debug\handwrit.344310dc.tlog\link.18560.write.1.tlog
c:\users\nicol\source\repos\handwritten_digit_reader\x64\debug\handwrit.344310dc.tlog\link.command.1.tlog
c:\users\nicol\source\repos\handwritten_digit_reader\x64\debug\handwrit.344310dc.tlog\link.read.1.tlog
c:\users\nicol\source\repos\handwritten_digit_reader\x64\debug\handwrit.344310dc.tlog\link.read.2.tlog
c:\users\nicol\source\repos\handwritten_digit_reader\x64\debug\handwrit.344310dc.tlog\link.read.3.tlog
c:\users\nicol\source\repos\handwritten_digit_reader\x64\debug\handwrit.344310dc.tlog\link.read.4.tlog
c:\users\nicol\source\repos\handwritten_digit_reader\x64\debug\handwrit.344310dc.tlog\link.write.1.tlog
